<html>
<head>
<title>TestNG:  Farmer Regression</title>
<link href="../testng.css" rel="stylesheet" type="text/css" />
<link href="../my-testng.css" rel="stylesheet" type="text/css" />

<style type="text/css">
.log { display: none;} 
.stack-trace { display: none;} 
</style>
<script type="text/javascript">
<!--
function flip(e) {
  current = e.style.display;
  if (current == 'block') {
    e.style.display = 'none';
    return 0;
  }
  else {
    e.style.display = 'block';
    return 1;
  }
}

function toggleBox(szDivId, elem, msg1, msg2)
{
  var res = -1;  if (document.getElementById) {
    res = flip(document.getElementById(szDivId));
  }
  else if (document.all) {
    // this is the way old msie versions work
    res = flip(document.all[szDivId]);
  }
  if(elem) {
    if(res == 0) elem.innerHTML = msg1; else elem.innerHTML = msg2;
  }

}

function toggleAllBoxes() {
  if (document.getElementsByTagName) {
    d = document.getElementsByTagName('div');
    for (i = 0; i < d.length; i++) {
      if (d[i].className == 'log') {
        flip(d[i]);
      }
    }
  }
}

// -->
</script>

</head>
<body>
<h2 align='center'>Farmer Regression</h2><table border='1' align="center">
<tr>
<td>Tests passed/Failed/Skipped:</td><td>58/3/0</td>
</tr><tr>
<td>Started on:</td><td>Thu Aug 03 09:19:20 IST 2023</td>
</tr>
<tr><td>Total time:</td><td>1889 seconds (1889287 ms)</td>
</tr><tr>
<td>Included groups:</td><td></td>
</tr><tr>
<td>Excluded groups:</td><td></td>
</tr>
</table><p/>
<small><i>(Hover the method name to see the test class name)</i></small><p/>
<table width='100%' border='1' class='invocation-failed'>
<tr><td colspan='4' align='center'><b>FAILED TESTS</b></td></tr>
<tr><td><b>Test method</b></td>
<td width="30%"><b>Exception</b></td>
<td width="10%"><b>Time (seconds)</b></td>
<td><b>Instance</b></td>
</tr>
<tr>
<td title='com.farmer.scripts.MarketPlace.TC16_AddProdToCartProductListingPage.testAddProdToCartProductListPage()'><b>testAddProdToCartProductListPage</b><br>Test class: com.farmer.scripts.MarketPlace.TC16_AddProdToCartProductListingPage</td>
<td><div><pre>org.openqa.selenium.NoSuchElementException: Can&apos;t locate an element by this strategy: By.chained({By.AccessibilityId: Market Place Feature Text})
	at io.appium.java_client.pagefactory.AppiumElementLocator.findElement(AppiumElementLocator.java:126)
	at io.appium.java_client.pagefactory.interceptors.InterceptorOfASingleElement.intercept(InterceptorOfASingleElement.java:59)
	at io.appium.java_client.android.AndroidElement$$EnhancerByCGLIB$$b598166c.click(&lt;generated&gt;)
	at pages.FarmerHomePage.clickMarketPlace(FarmerHomePage.java:313)
	at com.farmer.scripts.MarketPlace.TC16_AddProdToCartProductListingPage.testAddProdToCartProductListPage(TC16_AddProdToCartProductListingPage.java:35)
Caused by: org.openqa.selenium.TimeoutException: Expected condition failed: waiting for io.appium.java_client.pagefactory.AppiumElementLocator$WaitingFunction@4607cbe2 (tried for 1 second(s) with 500 milliseconds interval)
	at org.openqa.selenium.support.ui.FluentWait.timeoutException(FluentWait.java:304)
	at org.openqa.selenium.support.ui.FluentWait.until(FluentWait.java:272)
	at io.appium.java_client.pagefactory.AppiumElementLocator.waitFor(AppiumElementLocator.java:99)
	at io.appium.java_client.pagefactory.AppiumElementLocator.findElement(AppiumElementLocator.java:119)
	... 29 more
Caused by: org.openqa.selenium.NoSuchElementException: Cannot locate an element using By.chained({By.AccessibilityId: Market Place Feature Text})
For documentation on this error, please visit: https://www.seleniumhq.org/exceptions/no_such_element.html
Build info: version: &apos;3.141.59&apos;, revision: &apos;e82be7d358&apos;, time: &apos;2018-11-14T08:17:03&apos;
System info: host: &apos;JREDDY.local&apos;, ip: &apos;fe80:0:0:0:1484:bc9:bf2b:397c%en0&apos;, os.name: &apos;Mac OS X&apos;, os.arch: &apos;x86_64&apos;, os.version: &apos;12.4&apos;, java.version: &apos;1.8.0_333&apos;
Driver info: driver.version: AndroidDriver
	at io.appium.java_client.pagefactory.bys.builder.ByChained.findElement(ByChained.java:74)
	at org.openqa.selenium.remote.RemoteWebDriver.findElement(RemoteWebDriver.java:315)
	at io.appium.java_client.DefaultGenericMobileDriver.findElement(DefaultGenericMobileDriver.java:58)
	at io.appium.java_client.AppiumDriver.findElement(AppiumDriver.java:1)
	at io.appium.java_client.android.AndroidDriver.findElement(AndroidDriver.java:1)
	at io.appium.java_client.pagefactory.bys.ContentMappedBy.findElement(ContentMappedBy.java:50)
	at org.openqa.selenium.remote.RemoteWebDriver.findElement(RemoteWebDriver.java:315)
	at io.appium.java_client.DefaultGenericMobileDriver.findElement(DefaultGenericMobileDriver.java:58)
	at io.appium.java_client.AppiumDriver.findElement(AppiumDriver.java:1)
	at io.appium.java_client.android.AndroidDriver.findElement(AndroidDriver.java:1)
	at io.appium.java_client.pagefactory.AppiumElementLocator.lambda$0(AppiumElementLocator.java:120)
	at io.appium.java_client.pagefactory.AppiumElementLocator$WaitingFunction.apply(AppiumElementLocator.java:172)
	at io.appium.java_client.pagefactory.AppiumElementLocator$WaitingFunction.apply(AppiumElementLocator.java:1)
	at org.openqa.selenium.support.ui.FluentWait.until(FluentWait.java:249)
	... 31 more
... Removed 25 stack frames</pre></div><a href='#' onClick='toggleBox("stack-trace2134297999", this, "Click to show all stack frames", "Click to hide stack frames")'>Click to show all stack frames</a>
<div class='stack-trace' id='stack-trace2134297999'><pre>org.openqa.selenium.NoSuchElementException: Can&apos;t locate an element by this strategy: By.chained({By.AccessibilityId: Market Place Feature Text})
	at io.appium.java_client.pagefactory.AppiumElementLocator.findElement(AppiumElementLocator.java:126)
	at io.appium.java_client.pagefactory.interceptors.InterceptorOfASingleElement.intercept(InterceptorOfASingleElement.java:59)
	at io.appium.java_client.android.AndroidElement$$EnhancerByCGLIB$$b598166c.click(&lt;generated&gt;)
	at pages.FarmerHomePage.clickMarketPlace(FarmerHomePage.java:313)
	at com.farmer.scripts.MarketPlace.TC16_AddProdToCartProductListingPage.testAddProdToCartProductListPage(TC16_AddProdToCartProductListingPage.java:35)
	at sun.reflect.NativeMethodAccessorImpl.invoke0(Native Method)
	at sun.reflect.NativeMethodAccessorImpl.invoke(NativeMethodAccessorImpl.java:62)
	at sun.reflect.DelegatingMethodAccessorImpl.invoke(DelegatingMethodAccessorImpl.java:43)
	at java.lang.reflect.Method.invoke(Method.java:498)
	at org.testng.internal.MethodInvocationHelper.invokeMethod(MethodInvocationHelper.java:124)
	at org.testng.internal.Invoker.invokeMethod(Invoker.java:583)
	at org.testng.internal.Invoker.invokeTestMethod(Invoker.java:719)
	at org.testng.internal.Invoker.invokeTestMethods(Invoker.java:989)
	at org.testng.internal.TestMethodWorker.invokeTestMethods(TestMethodWorker.java:125)
	at org.testng.internal.TestMethodWorker.run(TestMethodWorker.java:109)
	at org.testng.TestRunner.privateRun(TestRunner.java:648)
	at org.testng.TestRunner.run(TestRunner.java:505)
	at org.testng.SuiteRunner.runTest(SuiteRunner.java:455)
	at org.testng.SuiteRunner.runSequentially(SuiteRunner.java:450)
	at org.testng.SuiteRunner.privateRun(SuiteRunner.java:415)
	at org.testng.SuiteRunner.run(SuiteRunner.java:364)
	at org.testng.SuiteRunnerWorker.runSuite(SuiteRunnerWorker.java:52)
	at org.testng.SuiteRunnerWorker.run(SuiteRunnerWorker.java:84)
	at org.testng.TestNG.runSuitesSequentially(TestNG.java:1208)
	at org.testng.TestNG.runSuitesLocally(TestNG.java:1137)
	at org.testng.TestNG.runSuites(TestNG.java:1049)
	at org.testng.TestNG.run(TestNG.java:1017)
	at org.testng.remote.AbstractRemoteTestNG.run(AbstractRemoteTestNG.java:115)
	at org.testng.remote.RemoteTestNG.initAndRun(RemoteTestNG.java:251)
	at org.testng.remote.RemoteTestNG.main(RemoteTestNG.java:77)
Caused by: org.openqa.selenium.TimeoutException: Expected condition failed: waiting for io.appium.java_client.pagefactory.AppiumElementLocator$WaitingFunction@4607cbe2 (tried for 1 second(s) with 500 milliseconds interval)
	at org.openqa.selenium.support.ui.FluentWait.timeoutException(FluentWait.java:304)
	at org.openqa.selenium.support.ui.FluentWait.until(FluentWait.java:272)
	at io.appium.java_client.pagefactory.AppiumElementLocator.waitFor(AppiumElementLocator.java:99)
	at io.appium.java_client.pagefactory.AppiumElementLocator.findElement(AppiumElementLocator.java:119)
	... 29 more
Caused by: org.openqa.selenium.NoSuchElementException: Cannot locate an element using By.chained({By.AccessibilityId: Market Place Feature Text})
For documentation on this error, please visit: https://www.seleniumhq.org/exceptions/no_such_element.html
Build info: version: &apos;3.141.59&apos;, revision: &apos;e82be7d358&apos;, time: &apos;2018-11-14T08:17:03&apos;
System info: host: &apos;JREDDY.local&apos;, ip: &apos;fe80:0:0:0:1484:bc9:bf2b:397c%en0&apos;, os.name: &apos;Mac OS X&apos;, os.arch: &apos;x86_64&apos;, os.version: &apos;12.4&apos;, java.version: &apos;1.8.0_333&apos;
Driver info: driver.version: AndroidDriver
	at io.appium.java_client.pagefactory.bys.builder.ByChained.findElement(ByChained.java:74)
	at org.openqa.selenium.remote.RemoteWebDriver.findElement(RemoteWebDriver.java:315)
	at io.appium.java_client.DefaultGenericMobileDriver.findElement(DefaultGenericMobileDriver.java:58)
	at io.appium.java_client.AppiumDriver.findElement(AppiumDriver.java:1)
	at io.appium.java_client.android.AndroidDriver.findElement(AndroidDriver.java:1)
	at io.appium.java_client.pagefactory.bys.ContentMappedBy.findElement(ContentMappedBy.java:50)
	at org.openqa.selenium.remote.RemoteWebDriver.findElement(RemoteWebDriver.java:315)
	at io.appium.java_client.DefaultGenericMobileDriver.findElement(DefaultGenericMobileDriver.java:58)
	at io.appium.java_client.AppiumDriver.findElement(AppiumDriver.java:1)
	at io.appium.java_client.android.AndroidDriver.findElement(AndroidDriver.java:1)
	at io.appium.java_client.pagefactory.AppiumElementLocator.lambda$0(AppiumElementLocator.java:120)
	at io.appium.java_client.pagefactory.AppiumElementLocator$WaitingFunction.apply(AppiumElementLocator.java:172)
	at io.appium.java_client.pagefactory.AppiumElementLocator$WaitingFunction.apply(AppiumElementLocator.java:1)
	at org.openqa.selenium.support.ui.FluentWait.until(FluentWait.java:249)
	... 31 more
</pre></div></td>
<td>15</td>
<td>com.farmer.scripts.MarketPlace.TC16_AddProdToCartProductListingPage@5af3afd9</td></tr>
<tr>
<td title='com.farmer.scripts.MarketPlace.TC15_CategoriesInProductPage.testCategoriesInProductPage()'><b>testCategoriesInProductPage</b><br>Test class: com.farmer.scripts.MarketPlace.TC15_CategoriesInProductPage</td>
<td><div><pre>org.openqa.selenium.NoSuchElementException: Can&apos;t locate an element by this strategy: By.chained({By.AccessibilityId: Market Place Feature Text})
	at io.appium.java_client.pagefactory.AppiumElementLocator.findElement(AppiumElementLocator.java:126)
	at io.appium.java_client.pagefactory.interceptors.InterceptorOfASingleElement.intercept(InterceptorOfASingleElement.java:59)
	at io.appium.java_client.android.AndroidElement$$EnhancerByCGLIB$$b598166c.click(&lt;generated&gt;)
	at pages.FarmerHomePage.clickMarketPlace(FarmerHomePage.java:313)
	at com.farmer.scripts.MarketPlace.TC15_CategoriesInProductPage.testCategoriesInProductPage(TC15_CategoriesInProductPage.java:31)
Caused by: org.openqa.selenium.TimeoutException: Expected condition failed: waiting for io.appium.java_client.pagefactory.AppiumElementLocator$WaitingFunction@6da86e98 (tried for 1 second(s) with 500 milliseconds interval)
	at org.openqa.selenium.support.ui.FluentWait.timeoutException(FluentWait.java:304)
	at org.openqa.selenium.support.ui.FluentWait.until(FluentWait.java:272)
	at io.appium.java_client.pagefactory.AppiumElementLocator.waitFor(AppiumElementLocator.java:99)
	at io.appium.java_client.pagefactory.AppiumElementLocator.findElement(AppiumElementLocator.java:119)
	... 29 more
Caused by: org.openqa.selenium.NoSuchElementException: Cannot locate an element using By.chained({By.AccessibilityId: Market Place Feature Text})
For documentation on this error, please visit: https://www.seleniumhq.org/exceptions/no_such_element.html
Build info: version: &apos;3.141.59&apos;, revision: &apos;e82be7d358&apos;, time: &apos;2018-11-14T08:17:03&apos;
System info: host: &apos;JREDDY.local&apos;, ip: &apos;fe80:0:0:0:1484:bc9:bf2b:397c%en0&apos;, os.name: &apos;Mac OS X&apos;, os.arch: &apos;x86_64&apos;, os.version: &apos;12.4&apos;, java.version: &apos;1.8.0_333&apos;
Driver info: driver.version: AndroidDriver
	at io.appium.java_client.pagefactory.bys.builder.ByChained.findElement(ByChained.java:74)
	at org.openqa.selenium.remote.RemoteWebDriver.findElement(RemoteWebDriver.java:315)
	at io.appium.java_client.DefaultGenericMobileDriver.findElement(DefaultGenericMobileDriver.java:58)
	at io.appium.java_client.AppiumDriver.findElement(AppiumDriver.java:1)
	at io.appium.java_client.android.AndroidDriver.findElement(AndroidDriver.java:1)
	at io.appium.java_client.pagefactory.bys.ContentMappedBy.findElement(ContentMappedBy.java:50)
	at org.openqa.selenium.remote.RemoteWebDriver.findElement(RemoteWebDriver.java:315)
	at io.appium.java_client.DefaultGenericMobileDriver.findElement(DefaultGenericMobileDriver.java:58)
	at io.appium.java_client.AppiumDriver.findElement(AppiumDriver.java:1)
	at io.appium.java_client.android.AndroidDriver.findElement(AndroidDriver.java:1)
	at io.appium.java_client.pagefactory.AppiumElementLocator.lambda$0(AppiumElementLocator.java:120)
	at io.appium.java_client.pagefactory.AppiumElementLocator$WaitingFunction.apply(AppiumElementLocator.java:172)
	at io.appium.java_client.pagefactory.AppiumElementLocator$WaitingFunction.apply(AppiumElementLocator.java:1)
	at org.openqa.selenium.support.ui.FluentWait.until(FluentWait.java:249)
	... 31 more
... Removed 25 stack frames</pre></div><a href='#' onClick='toggleBox("stack-trace1460592187", this, "Click to show all stack frames", "Click to hide stack frames")'>Click to show all stack frames</a>
<div class='stack-trace' id='stack-trace1460592187'><pre>org.openqa.selenium.NoSuchElementException: Can&apos;t locate an element by this strategy: By.chained({By.AccessibilityId: Market Place Feature Text})
	at io.appium.java_client.pagefactory.AppiumElementLocator.findElement(AppiumElementLocator.java:126)
	at io.appium.java_client.pagefactory.interceptors.InterceptorOfASingleElement.intercept(InterceptorOfASingleElement.java:59)
	at io.appium.java_client.android.AndroidElement$$EnhancerByCGLIB$$b598166c.click(&lt;generated&gt;)
	at pages.FarmerHomePage.clickMarketPlace(FarmerHomePage.java:313)
	at com.farmer.scripts.MarketPlace.TC15_CategoriesInProductPage.testCategoriesInProductPage(TC15_CategoriesInProductPage.java:31)
	at sun.reflect.NativeMethodAccessorImpl.invoke0(Native Method)
	at sun.reflect.NativeMethodAccessorImpl.invoke(NativeMethodAccessorImpl.java:62)
	at sun.reflect.DelegatingMethodAccessorImpl.invoke(DelegatingMethodAccessorImpl.java:43)
	at java.lang.reflect.Method.invoke(Method.java:498)
	at org.testng.internal.MethodInvocationHelper.invokeMethod(MethodInvocationHelper.java:124)
	at org.testng.internal.Invoker.invokeMethod(Invoker.java:583)
	at org.testng.internal.Invoker.invokeTestMethod(Invoker.java:719)
	at org.testng.internal.Invoker.invokeTestMethods(Invoker.java:989)
	at org.testng.internal.TestMethodWorker.invokeTestMethods(TestMethodWorker.java:125)
	at org.testng.internal.TestMethodWorker.run(TestMethodWorker.java:109)
	at org.testng.TestRunner.privateRun(TestRunner.java:648)
	at org.testng.TestRunner.run(TestRunner.java:505)
	at org.testng.SuiteRunner.runTest(SuiteRunner.java:455)
	at org.testng.SuiteRunner.runSequentially(SuiteRunner.java:450)
	at org.testng.SuiteRunner.privateRun(SuiteRunner.java:415)
	at org.testng.SuiteRunner.run(SuiteRunner.java:364)
	at org.testng.SuiteRunnerWorker.runSuite(SuiteRunnerWorker.java:52)
	at org.testng.SuiteRunnerWorker.run(SuiteRunnerWorker.java:84)
	at org.testng.TestNG.runSuitesSequentially(TestNG.java:1208)
	at org.testng.TestNG.runSuitesLocally(TestNG.java:1137)
	at org.testng.TestNG.runSuites(TestNG.java:1049)
	at org.testng.TestNG.run(TestNG.java:1017)
	at org.testng.remote.AbstractRemoteTestNG.run(AbstractRemoteTestNG.java:115)
	at org.testng.remote.RemoteTestNG.initAndRun(RemoteTestNG.java:251)
	at org.testng.remote.RemoteTestNG.main(RemoteTestNG.java:77)
Caused by: org.openqa.selenium.TimeoutException: Expected condition failed: waiting for io.appium.java_client.pagefactory.AppiumElementLocator$WaitingFunction@6da86e98 (tried for 1 second(s) with 500 milliseconds interval)
	at org.openqa.selenium.support.ui.FluentWait.timeoutException(FluentWait.java:304)
	at org.openqa.selenium.support.ui.FluentWait.until(FluentWait.java:272)
	at io.appium.java_client.pagefactory.AppiumElementLocator.waitFor(AppiumElementLocator.java:99)
	at io.appium.java_client.pagefactory.AppiumElementLocator.findElement(AppiumElementLocator.java:119)
	... 29 more
Caused by: org.openqa.selenium.NoSuchElementException: Cannot locate an element using By.chained({By.AccessibilityId: Market Place Feature Text})
For documentation on this error, please visit: https://www.seleniumhq.org/exceptions/no_such_element.html
Build info: version: &apos;3.141.59&apos;, revision: &apos;e82be7d358&apos;, time: &apos;2018-11-14T08:17:03&apos;
System info: host: &apos;JREDDY.local&apos;, ip: &apos;fe80:0:0:0:1484:bc9:bf2b:397c%en0&apos;, os.name: &apos;Mac OS X&apos;, os.arch: &apos;x86_64&apos;, os.version: &apos;12.4&apos;, java.version: &apos;1.8.0_333&apos;
Driver info: driver.version: AndroidDriver
	at io.appium.java_client.pagefactory.bys.builder.ByChained.findElement(ByChained.java:74)
	at org.openqa.selenium.remote.RemoteWebDriver.findElement(RemoteWebDriver.java:315)
	at io.appium.java_client.DefaultGenericMobileDriver.findElement(DefaultGenericMobileDriver.java:58)
	at io.appium.java_client.AppiumDriver.findElement(AppiumDriver.java:1)
	at io.appium.java_client.android.AndroidDriver.findElement(AndroidDriver.java:1)
	at io.appium.java_client.pagefactory.bys.ContentMappedBy.findElement(ContentMappedBy.java:50)
	at org.openqa.selenium.remote.RemoteWebDriver.findElement(RemoteWebDriver.java:315)
	at io.appium.java_client.DefaultGenericMobileDriver.findElement(DefaultGenericMobileDriver.java:58)
	at io.appium.java_client.AppiumDriver.findElement(AppiumDriver.java:1)
	at io.appium.java_client.android.AndroidDriver.findElement(AndroidDriver.java:1)
	at io.appium.java_client.pagefactory.AppiumElementLocator.lambda$0(AppiumElementLocator.java:120)
	at io.appium.java_client.pagefactory.AppiumElementLocator$WaitingFunction.apply(AppiumElementLocator.java:172)
	at io.appium.java_client.pagefactory.AppiumElementLocator$WaitingFunction.apply(AppiumElementLocator.java:1)
	at org.openqa.selenium.support.ui.FluentWait.until(FluentWait.java:249)
	... 31 more
</pre></div></td>
<td>15</td>
<td>com.farmer.scripts.MarketPlace.TC15_CategoriesInProductPage@661972b0</td></tr>
<tr>
<td title='com.farmer.scripts.MarketPlace.TC14_FilterOperation.testFilter()'><b>testFilter</b><br>Test class: com.farmer.scripts.MarketPlace.TC14_FilterOperation</td>
<td><div><pre>org.openqa.selenium.TimeoutException: Expected condition failed: waiting for visibility of Located by By.chained({By.id: com.GrainbankFarmer.app:id/imageViewBackButton}) (tried for 20 second(s) with 500 milliseconds interval)
	at org.openqa.selenium.support.ui.WebDriverWait.timeoutException(WebDriverWait.java:95)
	at org.openqa.selenium.support.ui.FluentWait.until(FluentWait.java:272)
	at generic.BaseTest.waitForVisibility(BaseTest.java:165)
	at generic.BaseTest.click(BaseTest.java:170)
	at pages.FarmerMarketPlacePage.clickmpBackBtn(FarmerMarketPlacePage.java:286)
	at com.farmer.scripts.MarketPlace.TC14_FilterOperation.testFilter(TC14_FilterOperation.java:65)
Caused by: org.openqa.selenium.NoSuchElementException: Can&apos;t locate an element by this strategy: By.chained({By.id: com.GrainbankFarmer.app:id/imageViewBackButton})
	at io.appium.java_client.pagefactory.AppiumElementLocator.findElement(AppiumElementLocator.java:126)
	at io.appium.java_client.pagefactory.interceptors.InterceptorOfASingleElement.intercept(InterceptorOfASingleElement.java:59)
	at io.appium.java_client.android.AndroidElement$$EnhancerByCGLIB$$b598166c.isDisplayed(&lt;generated&gt;)
	at org.openqa.selenium.support.ui.ExpectedConditions.elementIfVisible(ExpectedConditions.java:314)
	at org.openqa.selenium.support.ui.ExpectedConditions.access$000(ExpectedConditions.java:43)
	at org.openqa.selenium.support.ui.ExpectedConditions$10.apply(ExpectedConditions.java:300)
	at org.openqa.selenium.support.ui.ExpectedConditions$10.apply(ExpectedConditions.java:297)
	at org.openqa.selenium.support.ui.FluentWait.until(FluentWait.java:249)
	... 29 more
Caused by: org.openqa.selenium.TimeoutException: Expected condition failed: waiting for io.appium.java_client.pagefactory.AppiumElementLocator$WaitingFunction@4446a191 (tried for 1 second(s) with 500 milliseconds interval)
	at org.openqa.selenium.support.ui.FluentWait.timeoutException(FluentWait.java:304)
	at org.openqa.selenium.support.ui.FluentWait.until(FluentWait.java:272)
	at io.appium.java_client.pagefactory.AppiumElementLocator.waitFor(AppiumElementLocator.java:99)
	at io.appium.java_client.pagefactory.AppiumElementLocator.findElement(AppiumElementLocator.java:119)
	... 36 more
Caused by: org.openqa.selenium.NoSuchElementException: Cannot locate an element using By.chained({By.id: com.GrainbankFarmer.app:id/imageViewBackButton})
For documentation on this error, please visit: https://www.seleniumhq.org/exceptions/no_such_element.html
Build info: version: &apos;3.141.59&apos;, revision: &apos;e82be7d358&apos;, time: &apos;2018-11-14T08:17:03&apos;
System info: host: &apos;JREDDY.local&apos;, ip: &apos;fe80:0:0:0:1484:bc9:bf2b:397c%en0&apos;, os.name: &apos;Mac OS X&apos;, os.arch: &apos;x86_64&apos;, os.version: &apos;12.4&apos;, java.version: &apos;1.8.0_333&apos;
Driver info: driver.version: AndroidDriver
	at io.appium.java_client.pagefactory.bys.builder.ByChained.findElement(ByChained.java:74)
	at org.openqa.selenium.remote.RemoteWebDriver.findElement(RemoteWebDriver.java:315)
	at io.appium.java_client.DefaultGenericMobileDriver.findElement(DefaultGenericMobileDriver.java:58)
	at io.appium.java_client.AppiumDriver.findElement(AppiumDriver.java:1)
	at io.appium.java_client.android.AndroidDriver.findElement(AndroidDriver.java:1)
	at io.appium.java_client.pagefactory.bys.ContentMappedBy.findElement(ContentMappedBy.java:50)
	at org.openqa.selenium.remote.RemoteWebDriver.findElement(RemoteWebDriver.java:315)
	at io.appium.java_client.DefaultGenericMobileDriver.findElement(DefaultGenericMobileDriver.java:58)
	at io.appium.java_client.AppiumDriver.findElement(AppiumDriver.java:1)
	at io.appium.java_client.android.AndroidDriver.findElement(AndroidDriver.java:1)
	at io.appium.java_client.pagefactory.AppiumElementLocator.lambda$0(AppiumElementLocator.java:120)
	at io.appium.java_client.pagefactory.AppiumElementLocator$WaitingFunction.apply(AppiumElementLocator.java:172)
	at io.appium.java_client.pagefactory.AppiumElementLocator$WaitingFunction.apply(AppiumElementLocator.java:1)
	at org.openqa.selenium.support.ui.FluentWait.until(FluentWait.java:249)
	... 38 more
... Removed 25 stack frames</pre></div><a href='#' onClick='toggleBox("stack-trace1089419359", this, "Click to show all stack frames", "Click to hide stack frames")'>Click to show all stack frames</a>
<div class='stack-trace' id='stack-trace1089419359'><pre>org.openqa.selenium.TimeoutException: Expected condition failed: waiting for visibility of Located by By.chained({By.id: com.GrainbankFarmer.app:id/imageViewBackButton}) (tried for 20 second(s) with 500 milliseconds interval)
	at org.openqa.selenium.support.ui.WebDriverWait.timeoutException(WebDriverWait.java:95)
	at org.openqa.selenium.support.ui.FluentWait.until(FluentWait.java:272)
	at generic.BaseTest.waitForVisibility(BaseTest.java:165)
	at generic.BaseTest.click(BaseTest.java:170)
	at pages.FarmerMarketPlacePage.clickmpBackBtn(FarmerMarketPlacePage.java:286)
	at com.farmer.scripts.MarketPlace.TC14_FilterOperation.testFilter(TC14_FilterOperation.java:65)
	at sun.reflect.NativeMethodAccessorImpl.invoke0(Native Method)
	at sun.reflect.NativeMethodAccessorImpl.invoke(NativeMethodAccessorImpl.java:62)
	at sun.reflect.DelegatingMethodAccessorImpl.invoke(DelegatingMethodAccessorImpl.java:43)
	at java.lang.reflect.Method.invoke(Method.java:498)
	at org.testng.internal.MethodInvocationHelper.invokeMethod(MethodInvocationHelper.java:124)
	at org.testng.internal.Invoker.invokeMethod(Invoker.java:583)
	at org.testng.internal.Invoker.invokeTestMethod(Invoker.java:719)
	at org.testng.internal.Invoker.invokeTestMethods(Invoker.java:989)
	at org.testng.internal.TestMethodWorker.invokeTestMethods(TestMethodWorker.java:125)
	at org.testng.internal.TestMethodWorker.run(TestMethodWorker.java:109)
	at org.testng.TestRunner.privateRun(TestRunner.java:648)
	at org.testng.TestRunner.run(TestRunner.java:505)
	at org.testng.SuiteRunner.runTest(SuiteRunner.java:455)
	at org.testng.SuiteRunner.runSequentially(SuiteRunner.java:450)
	at org.testng.SuiteRunner.privateRun(SuiteRunner.java:415)
	at org.testng.SuiteRunner.run(SuiteRunner.java:364)
	at org.testng.SuiteRunnerWorker.runSuite(SuiteRunnerWorker.java:52)
	at org.testng.SuiteRunnerWorker.run(SuiteRunnerWorker.java:84)
	at org.testng.TestNG.runSuitesSequentially(TestNG.java:1208)
	at org.testng.TestNG.runSuitesLocally(TestNG.java:1137)
	at org.testng.TestNG.runSuites(TestNG.java:1049)
	at org.testng.TestNG.run(TestNG.java:1017)
	at org.testng.remote.AbstractRemoteTestNG.run(AbstractRemoteTestNG.java:115)
	at org.testng.remote.RemoteTestNG.initAndRun(RemoteTestNG.java:251)
	at org.testng.remote.RemoteTestNG.main(RemoteTestNG.java:77)
Caused by: org.openqa.selenium.NoSuchElementException: Can&apos;t locate an element by this strategy: By.chained({By.id: com.GrainbankFarmer.app:id/imageViewBackButton})
	at io.appium.java_client.pagefactory.AppiumElementLocator.findElement(AppiumElementLocator.java:126)
	at io.appium.java_client.pagefactory.interceptors.InterceptorOfASingleElement.intercept(InterceptorOfASingleElement.java:59)
	at io.appium.java_client.android.AndroidElement$$EnhancerByCGLIB$$b598166c.isDisplayed(&lt;generated&gt;)
	at org.openqa.selenium.support.ui.ExpectedConditions.elementIfVisible(ExpectedConditions.java:314)
	at org.openqa.selenium.support.ui.ExpectedConditions.access$000(ExpectedConditions.java:43)
	at org.openqa.selenium.support.ui.ExpectedConditions$10.apply(ExpectedConditions.java:300)
	at org.openqa.selenium.support.ui.ExpectedConditions$10.apply(ExpectedConditions.java:297)
	at org.openqa.selenium.support.ui.FluentWait.until(FluentWait.java:249)
	... 29 more
Caused by: org.openqa.selenium.TimeoutException: Expected condition failed: waiting for io.appium.java_client.pagefactory.AppiumElementLocator$WaitingFunction@4446a191 (tried for 1 second(s) with 500 milliseconds interval)
	at org.openqa.selenium.support.ui.FluentWait.timeoutException(FluentWait.java:304)
	at org.openqa.selenium.support.ui.FluentWait.until(FluentWait.java:272)
	at io.appium.java_client.pagefactory.AppiumElementLocator.waitFor(AppiumElementLocator.java:99)
	at io.appium.java_client.pagefactory.AppiumElementLocator.findElement(AppiumElementLocator.java:119)
	... 36 more
Caused by: org.openqa.selenium.NoSuchElementException: Cannot locate an element using By.chained({By.id: com.GrainbankFarmer.app:id/imageViewBackButton})
For documentation on this error, please visit: https://www.seleniumhq.org/exceptions/no_such_element.html
Build info: version: &apos;3.141.59&apos;, revision: &apos;e82be7d358&apos;, time: &apos;2018-11-14T08:17:03&apos;
System info: host: &apos;JREDDY.local&apos;, ip: &apos;fe80:0:0:0:1484:bc9:bf2b:397c%en0&apos;, os.name: &apos;Mac OS X&apos;, os.arch: &apos;x86_64&apos;, os.version: &apos;12.4&apos;, java.version: &apos;1.8.0_333&apos;
Driver info: driver.version: AndroidDriver
	at io.appium.java_client.pagefactory.bys.builder.ByChained.findElement(ByChained.java:74)
	at org.openqa.selenium.remote.RemoteWebDriver.findElement(RemoteWebDriver.java:315)
	at io.appium.java_client.DefaultGenericMobileDriver.findElement(DefaultGenericMobileDriver.java:58)
	at io.appium.java_client.AppiumDriver.findElement(AppiumDriver.java:1)
	at io.appium.java_client.android.AndroidDriver.findElement(AndroidDriver.java:1)
	at io.appium.java_client.pagefactory.bys.ContentMappedBy.findElement(ContentMappedBy.java:50)
	at org.openqa.selenium.remote.RemoteWebDriver.findElement(RemoteWebDriver.java:315)
	at io.appium.java_client.DefaultGenericMobileDriver.findElement(DefaultGenericMobileDriver.java:58)
	at io.appium.java_client.AppiumDriver.findElement(AppiumDriver.java:1)
	at io.appium.java_client.android.AndroidDriver.findElement(AndroidDriver.java:1)
	at io.appium.java_client.pagefactory.AppiumElementLocator.lambda$0(AppiumElementLocator.java:120)
	at io.appium.java_client.pagefactory.AppiumElementLocator$WaitingFunction.apply(AppiumElementLocator.java:172)
	at io.appium.java_client.pagefactory.AppiumElementLocator$WaitingFunction.apply(AppiumElementLocator.java:1)
	at org.openqa.selenium.support.ui.FluentWait.until(FluentWait.java:249)
	... 38 more
</pre></div></td>
<td>75</td>
<td>com.farmer.scripts.MarketPlace.TC14_FilterOperation@3bb9a3ff</td></tr>
</table><p>
<table width='100%' border='1' class='invocation-passed'>
<tr><td colspan='4' align='center'><b>PASSED TESTS</b></td></tr>
<tr><td><b>Test method</b></td>
<td width="30%"><b>Exception</b></td>
<td width="10%"><b>Time (seconds)</b></td>
<td><b>Instance</b></td>
</tr>
<tr>
<td title='com.farmer.scripts.WarehouseRequest.TC_005_EditATR_Test.WH_EditATR()'><b>WH_EditATR</b><br>Test class: com.farmer.scripts.WarehouseRequest.TC_005_EditATR_Test</td>
<td></td>
<td>21</td>
<td>com.farmer.scripts.WarehouseRequest.TC_005_EditATR_Test@5f058f00</td></tr>
<tr>
<td title='com.farmer.scripts.WarehouseRequest.TC_009_Search_ATR_Test.WH_Search_ATR()'><b>WH_Search_ATR</b><br>Test class: com.farmer.scripts.WarehouseRequest.TC_009_Search_ATR_Test</td>
<td></td>
<td>15</td>
<td>com.farmer.scripts.WarehouseRequest.TC_009_Search_ATR_Test@6973b51b</td></tr>
<tr>
<td title='com.farmer.scripts.WarehouseRequest.TC_004_ViewDetails_Test.WH_ViewDetails()'><b>WH_ViewDetails</b><br>Test class: com.farmer.scripts.WarehouseRequest.TC_004_ViewDetails_Test</td>
<td></td>
<td>12</td>
<td>com.farmer.scripts.WarehouseRequest.TC_004_ViewDetails_Test@55b7a4e0</td></tr>
<tr>
<td title='com.farmer.scripts.AdvancePayment.TC_001_AP_Verify_Screen_If_No_Records_Are_Avaliable_Test.advancePaymentRequest_NoRecord()'><b>advancePaymentRequest_NoRecord</b><br>Test class: com.farmer.scripts.AdvancePayment.TC_001_AP_Verify_Screen_If_No_Records_Are_Avaliable_Test</td>
<td></td>
<td>18</td>
<td>com.farmer.scripts.AdvancePayment.TC_001_AP_Verify_Screen_If_No_Records_Are_Avaliable_Test@61862a7f</td></tr>
<tr>
<td title='com.farmer.scripts.AdvancePayment.TC_003_AP_Verify_The_Amount_Farmer_Is_Eligible_To_Request_Test.advancePaymentRequest_RequestAmount()'><b>advancePaymentRequest_RequestAmount</b><br>Test class: com.farmer.scripts.AdvancePayment.TC_003_AP_Verify_The_Amount_Farmer_Is_Eligible_To_Request_Test</td>
<td></td>
<td>48</td>
<td>com.farmer.scripts.AdvancePayment.TC_003_AP_Verify_The_Amount_Farmer_Is_Eligible_To_Request_Test@7334aada</td></tr>
<tr>
<td title='com.farmer.scripts.AdvancePayment.TC_004_AP_Create_New_Payment_Request_If_There_Are_Products_Available_Test.advancePaymentsRequest_ProductAvaliable()'><b>advancePaymentsRequest_ProductAvaliable</b><br>Test class: com.farmer.scripts.AdvancePayment.TC_004_AP_Create_New_Payment_Request_If_There_Are_Products_Available_Test</td>
<td></td>
<td>39</td>
<td>com.farmer.scripts.AdvancePayment.TC_004_AP_Create_New_Payment_Request_If_There_Are_Products_Available_Test@1d9b7cce</td></tr>
<tr>
<td title='com.farmer.scripts.AdvancePayment.TC_007_AP_Verify_Filter_Operation_Test.advancePayments_Filter_Operation()'><b>advancePayments_Filter_Operation</b><br>Test class: com.farmer.scripts.AdvancePayment.TC_007_AP_Verify_Filter_Operation_Test</td>
<td></td>
<td>82</td>
<td>com.farmer.scripts.AdvancePayment.TC_007_AP_Verify_Filter_Operation_Test@14dd9eb7</td></tr>
<tr>
<td title='com.farmer.scripts.AdvancePayment.TC_005_AP_Verify_Sorting_Operation_Sort_By_Oldest_Request_Test.advancePayments_Request_Sort_By_Old_Request()'><b>advancePayments_Request_Sort_By_Old_Request</b><br>Test class: com.farmer.scripts.AdvancePayment.TC_005_AP_Verify_Sorting_Operation_Sort_By_Oldest_Request_Test</td>
<td></td>
<td>9</td>
<td>com.farmer.scripts.AdvancePayment.TC_005_AP_Verify_Sorting_Operation_Sort_By_Oldest_Request_Test@4d9e68d0</td></tr>
<tr>
<td title='com.farmer.scripts.AdvancePayment.TC_006_AP_Verify_Sorting_Operation_Sort_By_Recent_Request_Test.advancePayments_Request_Sort_By_Recent_Request()'><b>advancePayments_Request_Sort_By_Recent_Request</b><br>Test class: com.farmer.scripts.AdvancePayment.TC_006_AP_Verify_Sorting_Operation_Sort_By_Recent_Request_Test</td>
<td></td>
<td>8</td>
<td>com.farmer.scripts.AdvancePayment.TC_006_AP_Verify_Sorting_Operation_Sort_By_Recent_Request_Test@42e99e4a</td></tr>
<tr>
<td title='com.farmer.scripts.AdvancePayment.TC_002_AP_Verify_When_There_Are_No_Products_Available_Test.advanvePayment_NoProduct()'><b>advanvePayment_NoProduct</b><br>Test class: com.farmer.scripts.AdvancePayment.TC_002_AP_Verify_When_There_Are_No_Products_Available_Test</td>
<td></td>
<td>18</td>
<td>com.farmer.scripts.AdvancePayment.TC_002_AP_Verify_When_There_Are_No_Products_Available_Test@441772e</td></tr>
<tr>
<td title='tests.TC3_ValidateHamBurgerMenuTest.hamBurgerMenu()'><b>hamBurgerMenu</b><br>Test class: tests.TC3_ValidateHamBurgerMenuTest</td>
<td></td>
<td>13</td>
<td>tests.TC3_ValidateHamBurgerMenuTest@5119fb47</td></tr>
<tr>
<td title='com.farmer.scripts.Login.TC_003_Logout_Test.logout()'><b>logout</b><br>Test class: com.farmer.scripts.Login.TC_003_Logout_Test</td>
<td></td>
<td>21</td>
<td>com.farmer.scripts.Login.TC_003_Logout_Test@15ff3e9e</td></tr>
<tr>
<td title='com.farmer.scripts.Offers.TC_003_Offers_Verify_If_Usr_can_AcceptOffer_Test.offers_AcceptOffer()'><b>offers_AcceptOffer</b><br>Test class: com.farmer.scripts.Offers.TC_003_Offers_Verify_If_Usr_can_AcceptOffer_Test</td>
<td></td>
<td>18</td>
<td>com.farmer.scripts.Offers.TC_003_Offers_Verify_If_Usr_can_AcceptOffer_Test@384ad17b</td></tr>
<tr>
<td title='com.farmer.scripts.Offers.TC_002_Offers_Verify_HistoryTab_Test.offers_HistoryTab()'><b>offers_HistoryTab</b><br>Test class: com.farmer.scripts.Offers.TC_002_Offers_Verify_HistoryTab_Test</td>
<td></td>
<td>13</td>
<td>com.farmer.scripts.Offers.TC_002_Offers_Verify_HistoryTab_Test@dbf57b3</td></tr>
<tr>
<td title='com.farmer.scripts.Offers.TC_001_Offers_Verify_No_Offers_Test.offers_No_Offers()'><b>offers_No_Offers</b><br>Test class: com.farmer.scripts.Offers.TC_001_Offers_Verify_No_Offers_Test</td>
<td></td>
<td>6</td>
<td>com.farmer.scripts.Offers.TC_001_Offers_Verify_No_Offers_Test@123ef382</td></tr>
<tr>
<td title='com.farmer.scripts.MyProfile.TC_002_Profile_Edit_Test.profile_Edit()'><b>profile_Edit</b><br>Test class: com.farmer.scripts.MyProfile.TC_002_Profile_Edit_Test</td>
<td></td>
<td>25</td>
<td>com.farmer.scripts.MyProfile.TC_002_Profile_Edit_Test@7fa98a66</td></tr>
<tr>
<td title='com.farmer.scripts.MyProfile.TC_001_Profile_Verify_ProfileScreen_Test.profile_VerifyScreen()'><b>profile_VerifyScreen</b><br>Test class: com.farmer.scripts.MyProfile.TC_001_Profile_Verify_ProfileScreen_Test</td>
<td></td>
<td>8</td>
<td>com.farmer.scripts.MyProfile.TC_001_Profile_Verify_ProfileScreen_Test@1a451d4d</td></tr>
<tr>
<td title='tests.TC2_ValidateQuickActionsTest.quickActionMenu()'><b>quickActionMenu</b><br>Test class: tests.TC2_ValidateQuickActionsTest</td>
<td></td>
<td>64</td>
<td>tests.TC2_ValidateQuickActionsTest@6a192cfe</td></tr>
<tr>
<td title='com.farmer.scripts.SaleRequest.TC_005_SR_Verify_Cancel_Option_Opentab_Test.salesRequestCancel_OpenTab()'><b>salesRequestCancel_OpenTab</b><br>Test class: com.farmer.scripts.SaleRequest.TC_005_SR_Verify_Cancel_Option_Opentab_Test</td>
<td></td>
<td>13</td>
<td>com.farmer.scripts.SaleRequest.TC_005_SR_Verify_Cancel_Option_Opentab_Test@402bba4f</td></tr>
<tr>
<td title='com.farmer.scripts.SaleRequest.TC_010_SR_Verify_FilterOperation_Historytab_Test.salesRequest_FilterOperation_HistoryTab()'><b>salesRequest_FilterOperation_HistoryTab</b><br>Test class: com.farmer.scripts.SaleRequest.TC_010_SR_Verify_FilterOperation_Historytab_Test</td>
<td></td>
<td>89</td>
<td>com.farmer.scripts.SaleRequest.TC_010_SR_Verify_FilterOperation_Historytab_Test@f5ac9e4</td></tr>
<tr>
<td title='com.farmer.scripts.SaleRequest.TC_007_SR_Verify_FilterOperation_Opentab_Test.salesRequest_FilterOperation_OpenTab()'><b>salesRequest_FilterOperation_OpenTab</b><br>Test class: com.farmer.scripts.SaleRequest.TC_007_SR_Verify_FilterOperation_Opentab_Test</td>
<td></td>
<td>57</td>
<td>com.farmer.scripts.SaleRequest.TC_007_SR_Verify_FilterOperation_Opentab_Test@6e171cd7</td></tr>
<tr>
<td title='com.farmer.scripts.SaleRequest.TC_004_SR_Verify_Sale_Request_History_Tab_Test.salesRequest_HistoryTab()'><b>salesRequest_HistoryTab</b><br>Test class: com.farmer.scripts.SaleRequest.TC_004_SR_Verify_Sale_Request_History_Tab_Test</td>
<td></td>
<td>11</td>
<td>com.farmer.scripts.SaleRequest.TC_004_SR_Verify_Sale_Request_History_Tab_Test@479d31f3</td></tr>
<tr>
<td title='com.farmer.scripts.SaleRequest.TC_008_SR_Verify_Sale_Request_History_Tab_Test.salesRequest_HistoryTab()'><b>salesRequest_HistoryTab</b><br>Test class: com.farmer.scripts.SaleRequest.TC_008_SR_Verify_Sale_Request_History_Tab_Test</td>
<td></td>
<td>12</td>
<td>com.farmer.scripts.SaleRequest.TC_008_SR_Verify_Sale_Request_History_Tab_Test@795cd85e</td></tr>
<tr>
<td title='com.farmer.scripts.SaleRequest.TC_002_SR_Create_New_Sales_Request_Test.salesRequest_NewRequest()'><b>salesRequest_NewRequest</b><br>Test class: com.farmer.scripts.SaleRequest.TC_002_SR_Create_New_Sales_Request_Test</td>
<td></td>
<td>57</td>
<td>com.farmer.scripts.SaleRequest.TC_002_SR_Create_New_Sales_Request_Test@43195e57</td></tr>
<tr>
<td title='com.farmer.scripts.SaleRequest.TC_001_SR_Verify_Screen_If_No_Records_Are_Avaliable_Test.salesRequest_NoRecord()'><b>salesRequest_NoRecord</b><br>Test class: com.farmer.scripts.SaleRequest.TC_001_SR_Verify_Screen_If_No_Records_Are_Avaliable_Test</td>
<td></td>
<td>9</td>
<td>com.farmer.scripts.SaleRequest.TC_001_SR_Verify_Screen_If_No_Records_Are_Avaliable_Test@1ab3a8c8</td></tr>
<tr>
<td title='com.farmer.scripts.SaleRequest.TC_003_SR_Verify_Sale_Request_OpenTab_Test.salesRequest_OpenTab()'><b>salesRequest_OpenTab</b><br>Test class: com.farmer.scripts.SaleRequest.TC_003_SR_Verify_Sale_Request_OpenTab_Test</td>
<td></td>
<td>10</td>
<td>com.farmer.scripts.SaleRequest.TC_003_SR_Verify_Sale_Request_OpenTab_Test@333291e3</td></tr>
<tr>
<td title='com.farmer.scripts.SaleRequest.TC_005_SR_Verify_SortingOrder_Historytab_Test.salesRequest_SortHistoryTab()'><b>salesRequest_SortHistoryTab</b><br>Test class: com.farmer.scripts.SaleRequest.TC_005_SR_Verify_SortingOrder_Historytab_Test</td>
<td></td>
<td>17</td>
<td>com.farmer.scripts.SaleRequest.TC_005_SR_Verify_SortingOrder_Historytab_Test@40ef3420</td></tr>
<tr>
<td title='com.farmer.scripts.SaleRequest.TC_009_SR_Verify_SortingOrder_Historytab_Test.salesRequest_SortHistoryTab()'><b>salesRequest_SortHistoryTab</b><br>Test class: com.farmer.scripts.SaleRequest.TC_009_SR_Verify_SortingOrder_Historytab_Test</td>
<td></td>
<td>17</td>
<td>com.farmer.scripts.SaleRequest.TC_009_SR_Verify_SortingOrder_Historytab_Test@59fd97a8</td></tr>
<tr>
<td title='com.farmer.scripts.SaleRequest.TC_006_SR_Verify_SortingOrder_OpenTab_Test.salesRequest_SortOpenTab()'><b>salesRequest_SortOpenTab</b><br>Test class: com.farmer.scripts.SaleRequest.TC_006_SR_Verify_SortingOrder_OpenTab_Test</td>
<td></td>
<td>16</td>
<td>com.farmer.scripts.SaleRequest.TC_006_SR_Verify_SortingOrder_OpenTab_Test@498d318c</td></tr>
<tr>
<td title='com.farmer.scripts.Login.TC_002_SignIn_ValidLogin_Test.signIn_validCredentials()'><b>signIn_validCredentials</b><br>Test class: com.farmer.scripts.Login.TC_002_SignIn_ValidLogin_Test</td>
<td></td>
<td>23</td>
<td>com.farmer.scripts.Login.TC_002_SignIn_ValidLogin_Test@1ea9f6af</td></tr>
<tr>
<td title='com.farmer.scripts.SOA.TC_004_SOA_Validate_Date_Test.soa_ValidateDate()'><b>soa_ValidateDate</b><br>Test class: com.farmer.scripts.SOA.TC_004_SOA_Validate_Date_Test</td>
<td></td>
<td>21</td>
<td>com.farmer.scripts.SOA.TC_004_SOA_Validate_Date_Test@62150f9e</td></tr>
<tr>
<td title='com.farmer.scripts.SOA.TC_002_SOA_Validate_Quantity_Screen_Test.soa_ValidateQuantity()'><b>soa_ValidateQuantity</b><br>Test class: com.farmer.scripts.SOA.TC_002_SOA_Validate_Quantity_Screen_Test</td>
<td></td>
<td>36</td>
<td>com.farmer.scripts.SOA.TC_002_SOA_Validate_Quantity_Screen_Test@6c80d78a</td></tr>
<tr>
<td title='com.farmer.scripts.MarketPlace.TC12_AddProductToCart.testAddProductToCart()'><b>testAddProductToCart</b><br>Test class: com.farmer.scripts.MarketPlace.TC12_AddProductToCart</td>
<td></td>
<td>48</td>
<td>com.farmer.scripts.MarketPlace.TC12_AddProductToCart@47af7f3d</td></tr>
<tr>
<td title='com.farmer.scripts.MarketPlace.TC11_ProductDetails.testProductDetails()'><b>testProductDetails</b><br>Test class: com.farmer.scripts.MarketPlace.TC11_ProductDetails</td>
<td></td>
<td>28</td>
<td>com.farmer.scripts.MarketPlace.TC11_ProductDetails@74e52303</td></tr>
<tr>
<td title='com.farmer.scripts.MarketPlace.TC09_VerifyProductListing.testProductListUnderCategories()'><b>testProductListUnderCategories</b><br>Test class: com.farmer.scripts.MarketPlace.TC09_VerifyProductListing</td>
<td></td>
<td>67</td>
<td>com.farmer.scripts.MarketPlace.TC09_VerifyProductListing@6aba2b86</td></tr>
<tr>
<td title='com.farmer.scripts.MarketPlace.TC13_SortByPrice.testSortBy()'><b>testSortBy</b><br>Test class: com.farmer.scripts.MarketPlace.TC13_SortByPrice</td>
<td></td>
<td>34</td>
<td>com.farmer.scripts.MarketPlace.TC13_SortByPrice@7c729a55</td></tr>
<tr>
<td title='com.farmer.scripts.MarketPlace.TC08_ValidateStartShoppingBtn.testStartShoppingBtn()'><b>testStartShoppingBtn</b><br>Test class: com.farmer.scripts.MarketPlace.TC08_ValidateStartShoppingBtn</td>
<td></td>
<td>21</td>
<td>com.farmer.scripts.MarketPlace.TC08_ValidateStartShoppingBtn@3ce1e309</td></tr>
<tr>
<td title='com.farmer.scripts.MarketPlace.TC06_ValidateCartBtn.testmarketPlaceCartBtn()'><b>testmarketPlaceCartBtn</b><br>Test class: com.farmer.scripts.MarketPlace.TC06_ValidateCartBtn</td>
<td></td>
<td>21</td>
<td>com.farmer.scripts.MarketPlace.TC06_ValidateCartBtn@6e20b53a</td></tr>
<tr>
<td title='com.farmer.scripts.MarketPlace.TC10_SearchProduct.testmarketPlaceCartBtn()'><b>testmarketPlaceCartBtn</b><br>Test class: com.farmer.scripts.MarketPlace.TC10_SearchProduct</td>
<td></td>
<td>65</td>
<td>com.farmer.scripts.MarketPlace.TC10_SearchProduct@158da8e</td></tr>
<tr>
<td title='com.farmer.scripts.MarketPlace.TC04_ValidateHomeBtn.testmarketPlaceHomeBtn()'><b>testmarketPlaceHomeBtn</b><br>Test class: com.farmer.scripts.MarketPlace.TC04_ValidateHomeBtn</td>
<td></td>
<td>11</td>
<td>com.farmer.scripts.MarketPlace.TC04_ValidateHomeBtn@32eff876</td></tr>
<tr>
<td title='com.farmer.scripts.MarketPlace.TC05_ValidateMyOrdersBtn.testmarketPlaceMyOrdersBtn()'><b>testmarketPlaceMyOrdersBtn</b><br>Test class: com.farmer.scripts.MarketPlace.TC05_ValidateMyOrdersBtn</td>
<td></td>
<td>22</td>
<td>com.farmer.scripts.MarketPlace.TC05_ValidateMyOrdersBtn@8dbdac1</td></tr>
<tr>
<td title='com.farmer.scripts.MarketPlace.TC01_ValidateMarketplaceTitle.testmarketPlaceTitle()'><b>testmarketPlaceTitle</b><br>Test class: com.farmer.scripts.MarketPlace.TC01_ValidateMarketplaceTitle</td>
<td></td>
<td>70</td>
<td>com.farmer.scripts.MarketPlace.TC01_ValidateMarketplaceTitle@5fdcaa40</td></tr>
<tr>
<td title='com.farmer.scripts.MarketPlace.TC02_ValidateWarehouseDetails.testmarketPlaceTitle()'><b>testmarketPlaceTitle</b><br>Test class: com.farmer.scripts.MarketPlace.TC02_ValidateWarehouseDetails</td>
<td></td>
<td>9</td>
<td>com.farmer.scripts.MarketPlace.TC02_ValidateWarehouseDetails@6dc17b83</td></tr>
<tr>
<td title='com.farmer.scripts.MarketPlace.TC03_ValidatePPLMessage.testmarketPlaceTitle()'><b>testmarketPlaceTitle</b><br>Test class: com.farmer.scripts.MarketPlace.TC03_ValidatePPLMessage</td>
<td></td>
<td>8</td>
<td>com.farmer.scripts.MarketPlace.TC03_ValidatePPLMessage@5e0826e7</td></tr>
<tr>
<td title='com.farmer.scripts.MarketPlace.TC07_ValidatePPLMsgInMyCart.testpplMsgInMyCart()'><b>testpplMsgInMyCart</b><br>Test class: com.farmer.scripts.MarketPlace.TC07_ValidatePPLMsgInMyCart</td>
<td></td>
<td>22</td>
<td>com.farmer.scripts.MarketPlace.TC07_ValidatePPLMsgInMyCart@71809907</td></tr>
<tr>
<td title='tests.TC9_ValidateRewards_Test.validateMyRewards()'><b>validateMyRewards</b><br>Test class: tests.TC9_ValidateRewards_Test</td>
<td></td>
<td>20</td>
<td>tests.TC9_ValidateRewards_Test@3835c46</td></tr>
<tr>
<td title='tests.TC14_ReadNotificationsMessage.validateNotificationsMessage()'><b>validateNotificationsMessage</b><br>Test class: tests.TC14_ReadNotificationsMessage</td>
<td></td>
<td>46</td>
<td>tests.TC14_ReadNotificationsMessage@20ce78ec</td></tr>
<tr>
<td title='tests.TC13_ValidateNotificationsReadAll.validateNotificationsReadAll()'><b>validateNotificationsReadAll</b><br>Test class: tests.TC13_ValidateNotificationsReadAll</td>
<td></td>
<td>49</td>
<td>tests.TC13_ValidateNotificationsReadAll@7714e963</td></tr>
<tr>
<td title='tests.TC12_ValidateNotificationsTitle.validateNotificationsTitle()'><b>validateNotificationsTitle</b><br>Test class: tests.TC12_ValidateNotificationsTitle</td>
<td></td>
<td>40</td>
<td>tests.TC12_ValidateNotificationsTitle@1dde4cb2</td></tr>
<tr>
<td title='tests.TC6_ValidateStatementOfAccountTest.validateSOA()'><b>validateSOA</b><br>Test class: tests.TC6_ValidateStatementOfAccountTest</td>
<td></td>
<td>16</td>
<td>tests.TC6_ValidateStatementOfAccountTest@7193666c</td></tr>
<tr>
<td title='com.farmer.scripts.SOA.TC_001_SOA_Validate_StatementofAccounts_Test.validate_SOA()'><b>validate_SOA</b><br>Test class: com.farmer.scripts.SOA.TC_001_SOA_Validate_StatementofAccounts_Test</td>
<td></td>
<td>28</td>
<td>com.farmer.scripts.SOA.TC_001_SOA_Validate_StatementofAccounts_Test@52e6fdee</td></tr>
<tr>
<td title='tests.TC8_VerifyDashDoard_StockDetails_Test.verifyDashBoardStockDetails()'><b>verifyDashBoardStockDetails</b><br>Test class: tests.TC8_VerifyDashDoard_StockDetails_Test</td>
<td></td>
<td>3</td>
<td>tests.TC8_VerifyDashDoard_StockDetails_Test@20deea7f</td></tr>
<tr>
<td title='com.farmer.scripts.WarehouseRequest.TC_008_WH_Verify_Filter_Operation_Test.wareHouse_Request_Filter_Operation()'><b>wareHouse_Request_Filter_Operation</b><br>Test class: com.farmer.scripts.WarehouseRequest.TC_008_WH_Verify_Filter_Operation_Test</td>
<td></td>
<td>57</td>
<td>com.farmer.scripts.WarehouseRequest.TC_008_WH_Verify_Filter_Operation_Test@1afd44cb</td></tr>
<tr>
<td title='com.farmer.scripts.WarehouseRequest.TC_006_WH_Verify_Sorting_Operation_By_Oldest_Request_Test.wareHouse_Request_Sort_By_Old_Request()'><b>wareHouse_Request_Sort_By_Old_Request</b><br>Test class: com.farmer.scripts.WarehouseRequest.TC_006_WH_Verify_Sorting_Operation_By_Oldest_Request_Test</td>
<td></td>
<td>10</td>
<td>com.farmer.scripts.WarehouseRequest.TC_006_WH_Verify_Sorting_Operation_By_Oldest_Request_Test@192d43ce</td></tr>
<tr>
<td title='com.farmer.scripts.WarehouseRequest.TC_007_WH_Verify_Sorting_Operation_By_Recent_Request_Test.wareHouse_Request_Sort_By_Recent_Request()'><b>wareHouse_Request_Sort_By_Recent_Request</b><br>Test class: com.farmer.scripts.WarehouseRequest.TC_007_WH_Verify_Sorting_Operation_By_Recent_Request_Test</td>
<td></td>
<td>10</td>
<td>com.farmer.scripts.WarehouseRequest.TC_007_WH_Verify_Sorting_Operation_By_Recent_Request_Test@72057ecf</td></tr>
<tr>
<td title='com.farmer.scripts.WarehouseRequest.TC_002_WH_Create_Sell_Now_Request_and_verify_ATR_Test.wareHouse_SellNow()'><b>wareHouse_SellNow</b><br>Test class: com.farmer.scripts.WarehouseRequest.TC_002_WH_Create_Sell_Now_Request_and_verify_ATR_Test</td>
<td></td>
<td>95</td>
<td>com.farmer.scripts.WarehouseRequest.TC_002_WH_Create_Sell_Now_Request_and_verify_ATR_Test@56620197</td></tr>
<tr>
<td title='com.farmer.scripts.WarehouseRequest.TC_003_WH_Create_Sell_Later_Request_and_verify_ATR_Test.wareHouse_WareHouseRequest()'><b>wareHouse_WareHouseRequest</b><br>Test class: com.farmer.scripts.WarehouseRequest.TC_003_WH_Create_Sell_Later_Request_and_verify_ATR_Test</td>
<td></td>
<td>82</td>
<td>com.farmer.scripts.WarehouseRequest.TC_003_WH_Create_Sell_Later_Request_and_verify_ATR_Test@6eda5c9</td></tr>
<tr>
<td title='com.farmer.scripts.WarehouseRequest.TC_001_WH_Verify_Screen_If_No_Records_Are_Avaliable_Test.warehouseRequest_NoRecord()'><b>warehouseRequest_NoRecord</b><br>Test class: com.farmer.scripts.WarehouseRequest.TC_001_WH_Verify_Screen_If_No_Records_Are_Avaliable_Test</td>
<td></td>
<td>21</td>
<td>com.farmer.scripts.WarehouseRequest.TC_001_WH_Verify_Screen_If_No_Records_Are_Avaliable_Test@393671df</td></tr>
</table><p>
</body>
</html>